Next steps to do:
* Fix "time used" on sock_read and sock_write.
* Improve tests for sock read_ssl and sock write_ssl.
* Remove a_service argument from CAddrinfo constructor.
* Create threaded simple_inet_server and simple_inet_client for testing.
  * Create no mocked tests for CSigpipe@sock.cpp, read and write data.
  * Fix openssl_threaded on win32.
* Test openssl.

* Reduce size of shared libraries.
* Rework test_httpreadwrite.cpp.
* Add AI_IDN and AI_CANONIDN support to CAddrinfo.
* Improve CAddrinfo to support more than one address info (use *ai_next). It needs extended mocking.
* Improve test_sock.cpp with ssl tests
* Improve test_http_Download.cpp, start with error conditions for http_MakeMessage()
* Create gtests for ssdp/*, start with get_ssdp_sockets (needed for miniserver).
* Use poll() and WSAPoll() instead of select().
* parse_uri should except "http://127.000.000.001:50001/tvdevicedesc.xml" as valid.
* Create gtests for web_server_callback.
* Check bugfix in pupnp/upnp/src/urlconfig/urlconfig.cpp with a gtest.
* [set EXPECT_CALL to redirect the call to the original method](https://stackoverflow.com/questions/25556601/set-expect-call-to-redirect-the-call-to-the-original-method)
* Move pupnp/upnp/src/inc/sock.hpp:79:static UPNP_INLINE int sock_close() to miniserver.cpp and rework.
* Check if all fields in struct s_SocketStuff.serverAddr4 are used.
* Rework README.md.
* Install doxygen.
* Create own Url class.
* Replace ThreadPool and multithreading with C++ standard library functions.

Need to be fixed on MacOS
=========================
docs: Install doxygen and start to use it #1908:
------------------------------------------------
Commit c0c010d pushed by ingo-h 2024-01-20 15:10
Test MacOS (Debug, -D UPNPLIB_WITH_GOOGLETEST=ON)
cmake -S . -B build -D UPNPLIB_WITH_GOOGLETEST=ON --log-level=DEBUG -D CMAKE_BUILD_TYPE=Debug

[ RUN      ] RunMiniServerTestSuite.set_http_get_callback
[       OK ] RunMiniServerTestSuite.set_http_get_callback (0 ms)
[ RUN      ] RunMiniServerTestSuite.schedule_request_job
/Users/runner/work/upnplib/upnplib/utest/compa/0-addressing/test_miniserver_run.cpp:1273: Failure
Value of: captureObj.str()
Expected: has substring "libupnp ThreadPoolAdd too many jobs: 0\n"
  Actual: "UPnPlib [void schedule_request_job(SOCKET, sockaddr *)] INFO MSG1042: Schedule request job to host 192.168.1.1:50063 wi>

[  FAILED  ] RunMiniServerTestSuite.schedule_request_job (0 ms)
[ RUN      ] RunMiniServerTestSuite.set_soap_callback
[       OK ] RunMiniServerTestSuite.set_soap_callback (0 ms)


docs: Install doxygen and start to use it Integration tests #1906:
------------------------------------------------------------------
Commit 5ba840a pushed by ingo-h 2024-01-20 12:55
Test MacOS (Debug, -D UPNPLIB_WITH_GOOGLETEST=ON)
cmake -S . -B build -D UPNPLIB_WITH_GOOGLETEST=ON --log-level=DEBUG -D CMAKE_BUILD_TYPE=Debug
[ RUN      ] RunMiniServerMockFTestSuite.web_server_accept_with_invalid_socket
[       OK ] RunMiniServerMockFTestSuite.web_server_accept_with_invalid_socket (0 ms)
[ RUN      ] RunMiniServerMockFTestSuite.web_server_accept_successful
/Users/runner/work/upnplib/upnplib/utest/compa/0-addressing/test_miniserver_run.cpp:945: Failure
Value of: captureObj.str()
Expected: contains std regex (pattern: " UPNP-MSER-2: .* mserv 34: cannot schedule request")
  Actual: ""

[  FAILED  ] RunMiniServerMockFTestSuite.web_server_accept_successful (0 ms)
[ RUN      ] RunMiniServerMockFTestSuite.get_numeric_host_redirection_with_wrong_address_family
[ BUGFIX   ] 1214: A wrong but accepted address family AF_UNIX should return an error.
[       OK ] RunMiniServerMockFTestSuite.get_numeric_host_redirection_with_wrong_address_family (0 ms)


re-en: Extract write_ssl from sock_read_write() Integration tests #1897:
------------------------------------------------------------------------
Commit 0e1589a pushed by ingo-h 2023-12-28 03:33
Test MacOS (Debug, -D UPNPLIB_WITH_GOOGLETEST=ON -D UPNPLIB_WITH_OPENSSL=OFF)
cmake -S . -B build -D UPNPLIB_WITH_GOOGLETEST=ON -D UPNPLIB_WITH_OPENSSL=OFF --log-level=DEBUG -D CMAKE_BUILD_TYPE=Debug

[ RUN      ] RunMiniServerMockFTestSuite.fdset_if_valid_fails_with_invalid_socket
[ BUGFIX   ] 540: Socket file descriptor 7 should not be added to the FD SET for ::select().
[       OK ] RunMiniServerMockFTestSuite.fdset_if_valid_fails_with_invalid_socket (0 ms)
[ RUN      ] RunMiniServerMockFTestSuite.web_server_accept_successful
/Users/runner/work/upnplib/upnplib/utest/compa/0-addressing/test_miniserver_run.cpp:945: Failure
Value of: captureObj.str()
Expected: contains std regex (pattern: " UPNP-MSER-2: .* mserv 34: cannot schedule request")
  Actual: ""

[  FAILED  ] RunMiniServerMockFTestSuite.web_server_accept_successful (0 ms)
[ RUN      ] RunMiniServerMockFTestSuite.fdset_if_valid_read_successful
[       OK ] RunMiniServerMockFTestSuite.fdset_if_valid_read_successful (0 ms)
[ RUN      ] RunMiniServerMockFTestSuite.get_numeric_host_redirection
[       OK ] RunMiniServerMockFTestSuite.get_numeric_host_redirection (0 ms)
[ RUN      ] RunMiniServerMockFTestSuite.web_server_accept_fails
/Users/runner/work/upnplib/upnplib/utest/compa/0-addressing/test_miniserver_run.cpp:1079: Failure
Value of: captureObj.str()
Expected: contains std regex (pattern: " UPNP-MSER-2: .* miniserver: Error in accept\\(\\): ")
  Actual: ""

[  FAILED  ] RunMiniServerMockFTestSuite.web_server_accept_fails (0 ms)
[ RUN      ] RunMiniServerMockFTestSuite.receive_from_stopsock_no_bytes_received
[ BUGFIX   ] 687: Receiving a datagram with 0 bytes length should fail.
[       OK ] RunMiniServerMockFTestSuite.receive_from_stopsock_no_bytes_received (0 ms)
(...)

[ RUN      ] RunMiniServerFuncFTestSuite.RunMiniServer_successful
[ TODO     ] 123: Test must be extended for IPv6 sockets and other sockets.
[ TODO     ] 132: Fix dynamic problem with shutdown before job initialization.
[ BUGFIX   ] 161: Max socket fd for select() not setting to 0 if INVALID_SOCKET in MiniServerSockArray on WIN32.
[       OK ] RunMiniServerFuncFTestSuite.RunMiniServer_successful (0 ms)
[ RUN      ] RunMiniServerFuncFTestSuite.RunMiniServer_select_fails_with_no_memory
[ BUGFIX   ] 257: Ongoing failing select() must not hang in an endless loop.
[ BUGFIX   ] 299: Unit should critical errors always output, not only with build type DEBUG and no garbage.
/Users/runner/work/upnplib/upnplib/utest/compa/0-addressing/test_miniserver_run.cpp:305: Failure
Value of: captureObj.str()
Expected: has substring "stopSock Error, aborting..."
  Actual: ""

[  FAILED  ] RunMiniServerFuncFTestSuite.RunMiniServer_select_fails_with_no_memory (0 ms)
[ RUN      ] RunMiniServerFuncFTestSuite.RunMiniServer_accept_fails
[       OK ] RunMiniServerFuncFTestSuite.RunMiniServer_accept_fails (0 ms)
(...)

[ RUN      ] RunMiniServerTestSuite.do_reinit
[       OK ] RunMiniServerTestSuite.do_reinit (0 ms)
[ RUN      ] RunMiniServerTestSuite.schedule_request_job
/Users/runner/work/upnplib/upnplib/utest/compa/0-addressing/test_miniserver_run.cpp:1273: Failure
Value of: captureObj.str()
Expected: has substring "libupnp ThreadPoolAdd too many jobs: 0\n"
  Actual: ""

/Users/runner/work/upnplib/upnplib/utest/compa/0-addressing/test_miniserver_run.cpp:1277: Failure
Value of: captureObj.str()
Expected: ends with "]: mserv 36: cannot schedule request\n"
  Actual: ""

[  FAILED  ] RunMiniServerTestSuite.schedule_request_job (0 ms)
[ RUN      ] RunMiniServerTestSuite.set_soap_callback
[       OK ] RunMiniServerTestSuite.set_soap_callback (0 ms)


build: Rework umock files Integration tests #1885:
--------------------------------------------------
Commit 5728660 pushed by ingo-h 2023-12-27 02:01
Test MacOS (Debug, -D UPNPLIB_WITH_GOOGLETEST=ON)
cmake -S . -B build -D UPNPLIB_WITH_GOOGLETEST=ON --log-level=DEBUG -D CMAKE_BUILD_TYPE=Debug
[ RUN      ] RunMiniServerMockFTestSuite.fdset_if_valid_fails
[ BUGFIX   ] 447: Unit should not terminate program with "*** buffer overflow detected ***".
[ BUGFIX   ] 462: Unit should not accept file descriptors 0 to 2 or >= FD_SETSIZE.
[       OK ] RunMiniServerMockFTestSuite.fdset_if_valid_fails (0 ms)
[ RUN      ] RunMiniServerMockFTestSuite.web_server_accept_fails
/Users/runner/work/upnplib/upnplib/utest/compa/0-addressing/test_miniserver_run.cpp:1079: Failure
Value of: captureObj.str()
Expected: contains std regex (pattern: " UPNP-MSER-2: .* miniserver: Error in accept\\(\\): ")
  Actual: ""

[  FAILED  ] RunMiniServerMockFTestSuite.web_server_accept_fails (0 ms)
[ RUN      ] RunMiniServerMockFTestSuite.get_numeric_host_redirection_with_wrong_address_family
[ BUGFIX   ] 1214: A wrong but accepted address family AF_UNIX should return an error.
[       OK ] RunMiniServerMockFTestSuite.get_numeric_host_redirection_with_wrong_address_family (0 ms)
(...)

[ RUN      ] RunMiniServerFuncFTestSuite.RunMiniServer_successful
[ TODO     ] 123: Test must be extended for IPv6 sockets and other sockets.
[ TODO     ] 132: Fix dynamic problem with shutdown before job initialization.
[ BUGFIX   ] 161: Max socket fd for select() not setting to 0 if INVALID_SOCKET in MiniServerSockArray on WIN32.
[       OK ] RunMiniServerFuncFTestSuite.RunMiniServer_successful (0 ms)
[ RUN      ] RunMiniServerFuncFTestSuite.RunMiniServer_select_fails_with_no_memory
[ BUGFIX   ] 257: Ongoing failing select() must not hang in an endless loop.
[ BUGFIX   ] 299: Unit should critical errors always output, not only with build type DEBUG and no garbage.
/Users/runner/work/upnplib/upnplib/utest/compa/0-addressing/test_miniserver_run.cpp:305: Failure
Value of: captureObj.str()
Expected: has substring "stopSock Error, aborting..."
  Actual: ""

[  FAILED  ] RunMiniServerFuncFTestSuite.RunMiniServer_select_fails_with_no_memory (0 ms)
[ RUN      ] RunMiniServerFuncFTestSuite.RunMiniServer_accept_fails
[       OK ] RunMiniServerFuncFTestSuite.RunMiniServer_accept_fails (0 ms)
[----------] 3 tests from RunMiniServerFuncFTestSuite (1 ms total)

[----------] 10 tests from RunMiniServerTestSuite
[ RUN      ] RunMiniServerTestSuite.schedule_request_job
/Users/runner/work/upnplib/upnplib/utest/compa/0-addressing/test_miniserver_run.cpp:1273: Failure
Value of: captureObj.str()
Expected: has substring "libupnp ThreadPoolAdd too many jobs: 0\n"
  Actual: ""

/Users/runner/work/upnplib/upnplib/utest/compa/0-addressing/test_miniserver_run.cpp:1277: Failure
Value of: captureObj.str()
Expected: ends with "]: mserv 36: cannot schedule request\n"
  Actual: ""

[  FAILED  ] RunMiniServerTestSuite.schedule_request_job (0 ms)
[ RUN      ] RunMiniServerTestSuite.do_reinit
[       OK ] RunMiniServerTestSuite.do_reinit (0 ms)
(...)

[ RUN      ] StopMiniServerTestSuite.sock_close
[       OK ] StopMiniServerTestSuite.sock_close (0 ms)
[----------] 1 test from StopMiniServerTestSuite (0 ms total)

[----------] 10 tests from RunMiniServerTestSuite
[ RUN      ] RunMiniServerTestSuite.schedule_request_job
/Users/runner/work/upnplib/upnplib/utest/compa/0-addressing/test_miniserver_run.cpp:1273: Failure
Value of: captureObj.str()
Expected: has substring "libupnp ThreadPoolAdd too many jobs: 0\n"
  Actual: "UPnPlib [void schedule_request_job(SOCKET, sockaddr *)] INFO MSG1042: Schedule request job to host 192.168.1.1:50063 with socket 36.\nUPnPlib [void schedule_request_job(SOCKET, sockaddr *)] ERROR MSG1025: Socket 36: cannot schedule request.\n"

[  FAILED  ] RunMiniServerTestSuite.schedule_request_job (0 ms)
[ RUN      ] RunMiniServerTestSuite.do_reinit
[       OK ] RunMiniServerTestSuite.do_reinit (0 ms)


build: Rework umock files for unistd Integration tests #1884:
-------------------------------------------------------------
Commit ef7ab90 pushed by ingo-h 2023-12-27 12:19
Test MacOS (Debug, -D UPNPLIB_WITH_GOOGLETEST=ON)
cmake -S . -B build -D UPNPLIB_WITH_GOOGLETEST=ON --log-level=DEBUG -D CMAKE_BUILD_TYPE=Debug
[ RUN      ] RunMiniServerMockFTestSuite.get_numeric_host_redirection_with_wrong_address_family
[ BUGFIX   ] 1214: A wrong but accepted address family AF_UNIX should return an error.
[       OK ] RunMiniServerMockFTestSuite.get_numeric_host_redirection_with_wrong_address_family (0 ms)
[ RUN      ] RunMiniServerMockFTestSuite.web_server_accept_fails
/Users/runner/work/upnplib/upnplib/utest/compa/0-addressing/test_miniserver_run.cpp:1079: Failure
Value of: captureObj.str()
Expected: contains std regex (pattern: " UPNP-MSER-2: .* miniserver: Error in accept\\(\\): ")
  Actual: ""

[  FAILED  ] RunMiniServerMockFTestSuite.web_server_accept_fails (0 ms)
[ RUN      ] RunMiniServerMockFTestSuite.fdset_if_valid_fails_with_invalid_socket
[ BUGFIX   ] 540: Socket file descriptor 7 should not be added to the FD SET for ::select().
[       OK ] RunMiniServerMockFTestSuite.fdset_if_valid_fails_with_invalid_socket (0 ms)
[ RUN      ] RunMiniServerMockFTestSuite.web_server_accept_successful
/Users/runner/work/upnplib/upnplib/utest/compa/0-addressing/test_miniserver_run.cpp:945: Failure
Value of: captureObj.str()
Expected: contains std regex (pattern: " UPNP-MSER-2: .* mserv 34: cannot schedule request")
  Actual: ""

[  FAILED  ] RunMiniServerMockFTestSuite.web_server_accept_successful (0 ms)
[ RUN      ] RunMiniServerMockFTestSuite.receive_from_stopsock_successful
[       OK ] RunMiniServerMockFTestSuite.receive_from_stopsock_successful (0 ms)
(...)

[ RUN      ] RunMiniServerTestSuite.dispatch_request
/Users/runner/work/upnplib/upnplib/utest/compa/0-addressing/test_miniserver_run.cpp:1432: Skipped
Still needs to be done when we have complete tests for httpreadwrite.

[  SKIPPED ] RunMiniServerTestSuite.dispatch_request (0 ms)
[ RUN      ] RunMiniServerTestSuite.schedule_request_job
/Users/runner/work/upnplib/upnplib/utest/compa/0-addressing/test_miniserver_run.cpp:1273: Failure
Value of: captureObj.str()
Expected: has substring "libupnp ThreadPoolAdd too many jobs: 0\n"
  Actual: ""

/Users/runner/work/upnplib/upnplib/utest/compa/0-addressing/test_miniserver_run.cpp:1277: Failure
Value of: captureObj.str()
Expected: ends with "]: mserv 36: cannot schedule request\n"
  Actual: ""

[  FAILED  ] RunMiniServerTestSuite.schedule_request_job (0 ms)
[ RUN      ] RunMiniServerTestSuite.set_soap_callback
[       OK ] RunMiniServerTestSuite.set_soap_callback (0 ms)
(...)

[ RUN      ] RunMiniServerFuncFTestSuite.RunMiniServer_accept_fails
[       OK ] RunMiniServerFuncFTestSuite.RunMiniServer_accept_fails (0 ms)
[ RUN      ] RunMiniServerFuncFTestSuite.RunMiniServer_select_fails_with_no_memory
[ BUGFIX   ] 257: Ongoing failing select() must not hang in an endless loop.
[ BUGFIX   ] 299: Unit should critical errors always output, not only with build type DEBUG and no garbage.
/Users/runner/work/upnplib/upnplib/utest/compa/0-addressing/test_miniserver_run.cpp:305: Failure
Value of: captureObj.str()
Expected: has substring "stopSock Error, aborting..."
  Actual: ""

[  FAILED  ] RunMiniServerFuncFTestSuite.RunMiniServer_select_fails_with_no_memory (0 ms)
[----------] 3 tests from RunMiniServerFuncFTestSuite (0 ms total)


build: Rework umock files for pthread Integration tests #1879:
--------------------------------------------------------------
Commit e565c71 pushed by ingo-h 2023-12-26 12:55
Test w/ VS (Debug, windows-2019, -D UPNPLIB_WITH_GOOGLETEST=ON -D UPNPLIB_WITH_OPENSSL=OFF)
cmake -S . -B build --log-level=DEBUG -A Win32 -D UPNPLIB_WITH_GOOGLETEST=ON -D UPNPLIB_WITH_OPENSSL=OFF -D CMAKE_BUILD_TYPE=Debug -D UPNPLIB_WITH_OPENSSL=OFF # We do not have a 32 bit OpenSSL library available.

[ RUN      ] RunMiniServerMockFTestSuite.receive_from_stopsock_without_0_termbyte
2023-12-26 00:02:51 UPNP-MSER-2: Thread:0x1 [D:\a\upnplib\upnplib\pupnp/upnp/src/genlib/miniserver/miniserver.cpp:518]: Received response: ShutDown  From host 127.0.0.1
2023-12-26 00:02:51 UPNP-MSER-1: Thread:0x1 [D:\a\upnplib\upnplib\pupnp/upnp/src/genlib/miniserver/miniserver.cpp:521]: Received multicast packet:
 ShutDown
[ BUGFIX   ] 795: Receiving "ShutDown" without terminating nullbyte must fail.
[       OK ] RunMiniServerMockFTestSuite.receive_from_stopsock_without_0_termbyte (0 ms)
[ RUN      ] RunMiniServerMockFTestSuite.ssdp_read_successful
2023-12-26 00:02:51 UPNP-SSDP-2: Thread:0x7 [D:\a\upnplib\upnplib\pupnp\upnp\src\ssdp\ssdp_server.cpp:625]:

      Start 11: ctest_miniserver_run-csh
11/48 Test #11: ctest_miniserver_run-csh .........   Passed    0.07 sec
(...)

The following tests FAILED:
	 10 - ctest_miniserver_run-psh (Exit code 0xc0000409
)
Errors while running CTest
Error: Process completed with exit code 1.


build: Rework umock files for arpa_inet Integration tests #1869:
----------------------------------------------------------------
Commit 9ff64d7 pushed by ingo-h 2023-12-23 02:17
Test MacOS (Debug, -D UPNPLIB_WITH_GOOGLETEST=ON)
cmake -S . -B build -D UPNPLIB_WITH_GOOGLETEST=ON --log-level=DEBUG -D CMAKE_BUILD_TYPE=Debug

[ RUN      ] RunMiniServerMockFTestSuite.receive_from_stopsock_wrong_stop_message
[       OK ] RunMiniServerMockFTestSuite.receive_from_stopsock_wrong_stop_message (0 ms)
[ RUN      ] RunMiniServerMockFTestSuite.web_server_accept_fails
/Users/runner/work/upnplib/upnplib/utest/compa/0-addressing/test_miniserver_run.cpp:1079: Failure
Value of: captureObj.str()
Expected: contains std regex (pattern: " UPNP-MSER-2: .* miniserver: Error in accept\\(\\): ")
  Actual: ""

[  FAILED  ] RunMiniServerMockFTestSuite.web_server_accept_fails (0 ms)
[ RUN      ] RunMiniServerMockFTestSuite.web_server_accept_successful
/Users/runner/work/upnplib/upnplib/utest/compa/0-addressing/test_miniserver_run.cpp:945: Failure
Value of: captureObj.str()
Expected: contains std regex (pattern: " UPNP-MSER-2: .* mserv 34: cannot schedule request")
  Actual: ""

[  FAILED  ] RunMiniServerMockFTestSuite.web_server_accept_successful (0 ms)
[ RUN      ] RunMiniServerMockFTestSuite.fdset_if_valid_fails_with_unbind_socket
[ BUGFIX   ] 581: Socket file descriptor 53 should not be added to the FD SET for ::select().
[       OK ] RunMiniServerMockFTestSuite.fdset_if_valid_fails_with_unbind_socket (0 ms)
(...)

[ RUN      ] RunMiniServerTestSuite.set_soap_callback
[       OK ] RunMiniServerTestSuite.set_soap_callback (0 ms)
[ RUN      ] RunMiniServerTestSuite.schedule_request_job
/Users/runner/work/upnplib/upnplib/utest/compa/0-addressing/test_miniserver_run.cpp:1273: Failure
Value of: captureObj.str()
Expected: has substring "libupnp ThreadPoolAdd too many jobs: 0\n"
  Actual: ""

/Users/runner/work/upnplib/upnplib/utest/compa/0-addressing/test_miniserver_run.cpp:1277: Failure
Value of: captureObj.str()
Expected: ends with "]: mserv 36: cannot schedule request\n"
  Actual: ""

[  FAILED  ] RunMiniServerTestSuite.schedule_request_job (0 ms)
[ RUN      ] RunMiniServerTestSuite.host_header_is_numeric_modifies_argument
[ BUGFIX   ] 1449: The Unit must not modify its argument it point to, may segfault with empty string "".
[       OK ] RunMiniServerTestSuite.host_header_is_numeric_modifies_argument (0 ms)
(...)

[ RUN      ] RunMiniServerFuncFTestSuite.RunMiniServer_successful
[ TODO     ] 123: Test must be extended for IPv6 sockets and other sockets.
[ TODO     ] 132: Fix dynamic problem with shutdown before job initialization.
[ BUGFIX   ] 161: Max socket fd for select() not setting to 0 if INVALID_SOCKET in MiniServerSockArray on WIN32.
[       OK ] RunMiniServerFuncFTestSuite.RunMiniServer_successful (0 ms)
[ RUN      ] RunMiniServerFuncFTestSuite.RunMiniServer_select_fails_with_no_memory
[ BUGFIX   ] 257: Ongoing failing select() must not hang in an endless loop.
[ BUGFIX   ] 299: Unit should critical errors always output, not only with build type DEBUG and no garbage.
/Users/runner/work/upnplib/upnplib/utest/compa/0-addressing/test_miniserver_run.cpp:305: Failure
Value of: captureObj.str()
Expected: has substring "stopSock Error, aborting..."
  Actual: ""

[  FAILED  ] RunMiniServerFuncFTestSuite.RunMiniServer_select_fails_with_no_memory (0 ms)
[ RUN      ] RunMiniServerFuncFTestSuite.RunMiniServer_accept_fails
[       OK ] RunMiniServerFuncFTestSuite.RunMiniServer_accept_fails (0 ms)


re-en: Extract read_ssl from sock_read_write() Integration tests #1863:
-----------------------------------------------------------------------
Commit 4b2fd12 pushed by ingo-h 2023-12-22 07:31
Test MacOS (Debug, -D UPNPLIB_WITH_GOOGLETEST=ON)
cmake -S . -B build -D UPNPLIB_WITH_GOOGLETEST=ON --log-level=DEBUG -D CMAKE_BUILD_TYPE=Debug

[ RUN      ] RunMiniServerMockFTestSuite.get_numeric_host_redirection_with_insufficient_resources
[       OK ] RunMiniServerMockFTestSuite.get_numeric_host_redirection_with_insufficient_resources (0 ms)
[ RUN      ] RunMiniServerMockFTestSuite.web_server_accept_successful
/Users/runner/work/upnplib/upnplib/utest/compa/0-addressing/test_miniserver_run.cpp:945: Failure
Value of: captureObj.str()
Expected: contains std regex (pattern: " UPNP-MSER-2: .* mserv 34: cannot schedule request")
  Actual: ""

[  FAILED  ] RunMiniServerMockFTestSuite.web_server_accept_successful (0 ms)
[ RUN      ] RunMiniServerMockFTestSuite.web_server_accept_fails
/Users/runner/work/upnplib/upnplib/utest/compa/0-addressing/test_miniserver_run.cpp:1079: Failure
Value of: captureObj.str()
Expected: contains std regex (pattern: " UPNP-MSER-2: .* miniserver: Error in accept\\(\\): ")
  Actual: ""

[  FAILED  ] RunMiniServerMockFTestSuite.web_server_accept_fails (0 ms)
[ RUN      ] RunMiniServerMockFTestSuite.handle_request_successful
/Users/runner/work/upnplib/upnplib/utest/compa/0-addressing/test_miniserver_run.cpp:1381: Skipped
Still needs to be completed when tests for http_RecvMessage() has been made.

[  SKIPPED ] RunMiniServerMockFTestSuite.handle_request_successful (0 ms)
(...)

[ RUN      ] RunMiniServerTestSuite.free_handle_request_arg_successful
[       OK ] RunMiniServerTestSuite.free_handle_request_arg_successful (0 ms)
[ RUN      ] RunMiniServerTestSuite.schedule_request_job
/Users/runner/work/upnplib/upnplib/utest/compa/0-addressing/test_miniserver_run.cpp:1273: Failure
Value of: captureObj.str()
Expected: has substring "libupnp ThreadPoolAdd too many jobs: 0\n"
  Actual: ""

/Users/runner/work/upnplib/upnplib/utest/compa/0-addressing/test_miniserver_run.cpp:1277: Failure
Value of: captureObj.str()
Expected: ends with "]: mserv 36: cannot schedule request\n"
  Actual: ""

[  FAILED  ] RunMiniServerTestSuite.schedule_request_job (0 ms)
[ RUN      ] RunMiniServerTestSuite.host_header_is_numeric_modifies_argument
[ BUGFIX   ] 1449: The Unit must not modify its argument it point to, may segfault with empty string "".
[       OK ] RunMiniServerTestSuite.host_header_is_numeric_modifies_argument (0 ms)
